2024/12/05 11:00:15 Received request: POST /books/
2024/12/05 11:00:25 Received request: POST /books/
2024/12/05 11:55:55 Received request: GET /books/
2024/12/05 11:57:04 Received request: POST /books/085c9a21-c760-4d99-b628-f920d76df88c/reviews
2024/12/05 11:57:29 Received request: POST /books/085c9a21-c760-4d99-b628-f920d76df88c/reviews
2024/12/05 12:01:01 Received request: POST /books/085c9a21-c760-4d99-b628-f920d76df88c/reviews
2024/12/05 12:18:46 Received request: POST /books/085c9a21-c760-4d99-b628-f920d76df88c/reviews
2024/12/05 12:22:15 Received request: POST /books/085c9a21-c760-4d99-b628-f920d76df88c/reviews
2024/12/05 12:46:15 Received request: POST /books/085c9a21-c760-4d99-b628-f920d76df88c/reviews
2024/12/05 12:46:22 Received request: GET /books/
2024/12/05 12:47:19 Received request: GET /books/085c9a21-c760-4d99-b628-f920d76df88c/reviews
2024/12/05 12:48:17 Received request: GET /books/085c9a21-c760-4d99-b628-f920d76df88c/reviews
2024/12/05 12:49:27 Received request: GET /books/085c9a21-c760-4d99-b628-f920d76df88c/reviews
2024/12/05 12:49:40 Received request: GET /books/
2024/12/05 12:50:05 Received request: GET /books/085c9a21-c760-4d99-b628-f920d76df88c/reviews
2024/12/05 12:51:20 Received request: GET /books/085c9a21-c760-4d99-b628-f920d76df88c/reviews
2024/12/05 14:03:31 Received request: GET /books/085c9a21-c760-4d99-b628-f920d76df88c/reviews
2024/12/05 14:08:19 Received request: GET /books/085c9a21-c760-4d99-b628-f920d76df88c/reviews
2024/12/05 14:08:31 Received request: POST /books/085c9a21-c760-4d99-b628-f920d76df88c/reviews
2024/12/05 14:09:46 Received request: GET /books/085c9a21-c760-4d99-b628-f920d76df88c/reviews
2024/12/05 14:14:26 Received request: GET /books/085c9a21-c760-4d99-b628-f920d76df88c/reviews
2024/12/05 14:14:29 Received request: GET /books/085c9a21-c760-4d99-b628-f920d76df88c/reviews
2024/12/05 14:14:31 Received request: GET /books/085c9a21-c760-4d99-b628-f920d76df88c/reviews
2024/12/05 14:16:40 Received request: GET /books/085c9a21-c760-4d99-b628-f920d76df88c/reviews
2024/12/05 14:20:10 Received request: GET /books/085c9a21-c760-4d99-b628-f920d76df88c/reviews
2024/12/05 14:22:31 Received request: GET /books/085c9a21-c760-4d99-b628-f920d76df88c/reviews
2024/12/05 14:28:35 Received request: POST /users/signup
2024/12/05 14:28:46 Received request: POST /users/login
2024/12/05 14:29:07 Received request: POST /books/
2024/12/05 14:29:58 Received request: POST /books/d3b6b6e1-8c35-4120-893a-c4aefe48dc71/reviews
2024/12/05 14:30:04 Received request: GET /books/085c9a21-c760-4d99-b628-f920d76df88c/reviews
2024/12/05 14:30:11 Received request: GET /books/d3b6b6e1-8c35-4120-893a-c4aefe48dc71/reviews
2024/12/05 14:31:19 Received request: GET /books/
2024/12/05 14:34:49 Received request: POST /books/d3b6b6e1-8c35-4120-893a-c4aefe48dc71/reviews
2024/12/05 14:35:28 Received request: POST /books/d3b6b6e1-8c35-4120-893a-c4aefe48dc71/reviews
2024/12/05 14:37:57 Received request: POST /books/d3b6b6e1-8c35-4120-893a-c4aefe48dc71/reviews
2024/12/05 14:38:43 Received request: POST /books/d3b6b6e1-8c35-4120-893a-c4aefe48dc71/reviews
2024/12/05 14:38:53 Received request: GET /books/d3b6b6e1-8c35-4120-893a-c4aefe48dc71/reviews
2024/12/05 14:43:29 Received request: GET /books/d3b6b6e1-8c35-4120-893a-c4aefe48dc71/reviews
2024/12/05 14:43:40 Received request: POST /books/d3b6b6e1-8c35-4120-893a-c4aefe48dc71/reviews
2024/12/05 14:43:44 Received request: GET /books/d3b6b6e1-8c35-4120-893a-c4aefe48dc71/reviews
2024/12/05 14:45:39 Received request: GET /books/d3b6b6e1-8c35-4120-893a-c4aefe48dc71/reviews
2024/12/05 14:46:10 Received request: GET /books/d3b6b6e1-8c35-4120-893a-c4aefe48dc71/reviews
2024/12/05 14:46:53 Received request: POST /books/d3b6b6e1-8c35-4120-893a-c4aefe48dc71/reviews
2024/12/05 14:46:57 Received request: GET /books/d3b6b6e1-8c35-4120-893a-c4aefe48dc71/reviews
2024/12/05 14:47:37 Received request: GET /books/085c9a21-c760-4d99-b628-f920d76df88c/reviews
2024/12/05 14:47:59 Received request: GET /books/810b2067-71a6-473b-8388-41269882c627/reviews
2024/12/05 15:02:21 Received request: GET /books/
2024/12/05 15:03:22 Received request: GET /books/
2024/12/05 15:06:38 Received request: GET /books/
2024/12/05 15:14:07 Received request: GET /books/
2024/12/05 15:17:09 Received request: GET /books/
2024/12/05 15:27:15 Received request: GET /books/
2024/12/05 17:07:27 Received request: POST /books/810b2067-71a6-473b-8388-41269882c627/borrows
2024/12/05 17:07:39 Received request: POST /books/810b2067-71a6-473b-8388-41269882c627/borrows
2024/12/05 17:08:12 Received request: POST /books/810b2067-71a6-473b-8388-41269882c627/borrows
2024/12/05 17:09:40 Received request: POST /books/810b2067-71a6-473b-8388-41269882c627/borrows
2024/12/05 17:10:30 Received request: POST /books/810b2067-71a6-473b-8388-41269882c627/borrows
2024/12/08 09:18:34 Received request: GET /books/
2024/12/08 09:18:48 Received request: POST /users/login
2024/12/08 09:18:53 Received request: GET /books/
2024/12/08 09:20:14 Received request: GET /books/810b2067-71a6-473b-8388-41269882c627/reviews
2024/12/08 09:20:43 Received request: GET /books/085c9a21-c760-4d99-b628-f920d76df88c/reviews
2024/12/08 10:07:02 Received request: POST /users/signup
2024/12/08 10:07:20 Received request: POST /users/signup
2024/12/08 10:07:53 Received request: GET /users/
2024/12/08 10:08:31 Received request: POST /users/login
2024/12/08 10:09:36 Received request: POST /books/
2024/12/08 10:09:44 Received request: POST /books/
2024/12/08 10:09:49 Received request: GET /books/
2024/12/08 10:10:15 Received request: POST /books/d3b6b6e1-8c35-4120-893a-c4aefe48dc71/reviews
2024/12/08 10:10:21 Received request: GET /books/085c9a21-c760-4d99-b628-f920d76df88c/reviews
2024/12/08 10:10:40 Received request: POST /books/810b2067-71a6-473b-8388-41269882c627/borrows
